/api/user/delete/6504322b544ae11b0296e117  ( Time -> September 15, 2023 4:39 PM)

/api/books/update/6502fa36b45b576cb8547ad2  ( Time -> September 15, 2023 5:18 PM)

/api/books/update/6502fa36b45b576cb8547ad2  ( Time -> September 15, 2023 5:18 PM)

/api/books/all?offset=1&limit=5  ( Time -> September 18, 2023 7:38 AM)

/api/auth/login  ( Time -> September 18, 2023 7:47 AM)

/api/cart/cartByUser  ( Time -> September 18, 2023 7:47 AM)

Cannot read properties of undefined (reading 'discount_price')  ( Time -> September 18, 2023 7:47 AM)

/api/cart/cartByUser  ( Time -> September 18, 2023 7:50 AM)

/api/cart/cartByUser  ( Time -> September 18, 2023 7:51 AM)

/api/cart/cartByUser  ( Time -> September 18, 2023 7:51 AM)

/api/cart/cartByUser  ( Time -> September 18, 2023 7:52 AM)

/api/cart/cartByUser  ( Time -> September 18, 2023 7:52 AM)

/api/cart/cartByUser  ( Time -> September 18, 2023 7:55 AM)

/api/cart/cartByUser  ( Time -> September 18, 2023 7:57 AM)

/api/cart/cartByUser  ( Time -> September 18, 2023 7:57 AM)

/api/cart/cartByUser  ( Time -> September 18, 2023 8:01 AM)

/api/cart/cartByUser  ( Time -> September 18, 2023 8:02 AM)

/api/cart/cartByUser  ( Time -> September 18, 2023 8:03 AM)

/api/cart/cartByUser  ( Time -> September 18, 2023 8:04 AM)

/api/cart/cartByUser  ( Time -> September 18, 2023 8:05 AM)

undefined is not iterable (cannot read property Symbol(Symbol.iterator))  ( Time -> September 18, 2023 8:05 AM)

/api/cart/cartByUser  ( Time -> September 18, 2023 8:07 AM)

/api/cart/cartByUser  ( Time -> September 18, 2023 8:08 AM)

/api/cart/cartByUser  ( Time -> September 18, 2023 8:08 AM)

/api/cart/cartByUser  ( Time -> September 18, 2023 8:09 AM)

/api/cart/cartByUser  ( Time -> September 18, 2023 8:10 AM)

/api/cart/cartByUser  ( Time -> September 18, 2023 8:13 AM)

/api/cart/cartByUser  ( Time -> September 18, 2023 8:15 AM)

/api/cart/cartByUser  ( Time -> September 18, 2023 8:18 AM)

/api/cart/cartByUser  ( Time -> September 18, 2023 8:19 AM)

/api/cart/cartByUser  ( Time -> September 18, 2023 8:21 AM)

/api/cart/cartByUser  ( Time -> September 18, 2023 8:21 AM)

/api/cart/cartByUser  ( Time -> September 18, 2023 8:22 AM)

/api/cart/cartByUser  ( Time -> September 18, 2023 8:23 AM)

/api/cart/cartByUser  ( Time -> September 18, 2023 8:24 AM)

/api/cart/cartByUser  ( Time -> September 18, 2023 8:24 AM)

/api/cart/cartByUser  ( Time -> September 18, 2023 8:25 AM)

/api/cart/cartByUser  ( Time -> September 18, 2023 8:26 AM)

/api/cart/cartByUser  ( Time -> September 18, 2023 8:27 AM)

/api/cart/cartByUser  ( Time -> September 18, 2023 8:27 AM)

/api/cart/cartByUser  ( Time -> September 18, 2023 8:29 AM)

/api/cart/cartByUser  ( Time -> September 18, 2023 8:29 AM)

/api/cart/create  ( Time -> September 18, 2023 8:31 AM)

/api/cart/cartByUser  ( Time -> September 18, 2023 8:31 AM)

/api/cart/create  ( Time -> September 18, 2023 8:33 AM)

/api/cart/cartByUser  ( Time -> September 18, 2023 8:34 AM)

/api/cart/cartByUser  ( Time -> September 18, 2023 8:34 AM)

/api/cart/cartByUser  ( Time -> September 18, 2023 8:36 AM)

/api/cart/cartByUser  ( Time -> September 18, 2023 8:36 AM)

/api/cart/cartByUser  ( Time -> September 18, 2023 8:37 AM)

/api/cart/cartByUser  ( Time -> September 18, 2023 8:38 AM)

/api/cart/cartByUser  ( Time -> September 18, 2023 8:39 AM)

